SF:lib/flutter_cool_card_swiper.dart
DA:16,0
DA:20,0
DA:22,0
DA:23,0
DA:34,0
DA:35,0
DA:36,0
DA:37,0
DA:38,0
DA:39,0
DA:41,0
DA:42,0
DA:43,0
DA:44,0
DA:45,0
DA:50,0
DA:51,0
DA:52,0
DA:53,0
DA:54,0
DA:57,0
DA:58,0
DA:59,0
DA:60,0
DA:61,0
DA:66,0
DA:67,0
DA:69,0
DA:70,0
DA:71,0
DA:75,0
DA:77,0
DA:78,0
DA:80,0
DA:82,0
DA:86,0
DA:88,0
DA:89,0
DA:92,0
DA:94,0
DA:95,0
DA:96,0
DA:97,0
DA:98,0
DA:99,0
DA:100,0
DA:102,0
DA:103,0
DA:105,0
DA:106,0
DA:107,0
DA:108,0
DA:110,0
DA:111,0
DA:118,0
DA:119,0
DA:120,0
DA:121,0
DA:122,0
DA:127,0
DA:128,0
DA:133,0
DA:134,0
DA:135,0
DA:136,0
DA:137,0
DA:139,0
DA:140,0
LF:68
LH:0
end_of_record
SF:lib/src/cool_card_swiper_config.dart
DA:7,6
DA:17,9
DA:21,6
DA:69,3
DA:70,15
DA:91,2
DA:92,4
DA:93,10
DA:101,2
DA:102,6
DA:113,2
DA:118,4
DA:119,3
DA:123,6
LF:14
LH:14
end_of_record
SF:lib/src/widgets/cool_swiper_card.dart
DA:11,1
DA:18,1
DA:29,1
DA:30,1
DA:56,1
DA:57,4
DA:58,2
DA:59,2
DA:61,2
DA:62,7
DA:65,2
DA:66,4
DA:71,1
DA:72,5
DA:76,2
DA:77,0
DA:94,1
DA:95,7
DA:96,3
DA:97,3
DA:98,2
DA:99,7
DA:100,4
DA:101,4
DA:102,2
DA:103,1
DA:107,2
DA:110,1
DA:111,1
DA:112,1
DA:118,1
DA:119,2
DA:120,4
DA:124,1
DA:126,1
DA:127,2
DA:129,3
DA:132,4
DA:133,1
DA:137,2
DA:139,3
DA:140,2
DA:144,2
DA:146,4
DA:147,4
DA:148,2
DA:149,1
DA:153,4
DA:154,1
DA:159,1
DA:161,2
DA:162,1
DA:165,1
DA:167,1
DA:168,1
DA:169,1
DA:170,1
DA:171,1
DA:172,2
DA:173,1
DA:178,2
DA:179,1
DA:182,1
DA:183,1
DA:187,1
DA:188,4
DA:189,1
DA:190,1
DA:191,3
DA:192,2
DA:194,1
DA:199,1
DA:201,3
DA:202,1
DA:204,3
DA:205,1
DA:207,4
DA:209,1
DA:211,4
DA:212,2
DA:213,3
LF:81
LH:80
end_of_record
SF:lib/src/widgets/cool_swiper_card_wrapper.dart
DA:19,1
DA:26,1
DA:28,1
DA:29,1
DA:37,1
DA:39,1
DA:42,5
DA:44,3
DA:45,2
DA:46,2
DA:49,3
DA:51,2
DA:53,1
DA:54,1
DA:55,1
DA:56,1
DA:62,1
DA:64,1
DA:65,1
DA:66,2
DA:67,4
DA:68,3
DA:69,2
DA:72,2
LF:24
LH:24
end_of_record
SF:lib/src/swipe_direction.dart
DA:1,3
DA:5,3
DA:7,3
DA:9,3
DA:14,2
DA:16,2
DA:18,2
LF:7
LH:7
end_of_record
