SF:lib/flutter_cool_card_swiper.dart
DA:16,0
DA:20,0
DA:22,0
DA:23,0
DA:34,0
DA:35,0
DA:36,0
DA:37,0
DA:38,0
DA:39,0
DA:40,0
DA:41,0
DA:42,0
DA:43,0
DA:44,0
DA:49,0
DA:50,0
DA:51,0
DA:52,0
DA:53,0
DA:56,0
DA:57,0
DA:58,0
DA:59,0
DA:60,0
DA:65,0
DA:66,0
DA:68,0
DA:69,0
DA:70,0
DA:74,0
DA:76,0
DA:77,0
DA:79,0
DA:81,0
DA:85,0
DA:87,0
DA:88,0
DA:91,0
DA:93,0
DA:94,0
DA:95,0
DA:96,0
DA:97,0
DA:98,0
DA:99,0
DA:101,0
DA:102,0
DA:104,0
DA:105,0
DA:106,0
DA:107,0
DA:109,0
DA:110,0
DA:117,0
DA:118,0
DA:119,0
DA:120,0
DA:121,0
DA:126,0
DA:127,0
DA:132,0
DA:133,0
DA:134,0
DA:135,0
DA:136,0
DA:138,0
DA:139,0
LF:68
LH:0
end_of_record
SF:lib/src/cool_card_swiper_config.dart
DA:7,4
DA:17,6
DA:21,4
DA:69,2
DA:70,10
DA:89,2
DA:90,4
DA:91,10
DA:99,2
DA:100,6
DA:111,1
DA:116,2
DA:117,3
DA:121,3
LF:14
LH:14
end_of_record
SF:lib/src/widgets/cool_swiper_card.dart
DA:11,0
DA:17,0
DA:27,0
DA:28,0
DA:54,0
DA:55,0
DA:57,0
DA:58,0
DA:59,0
DA:60,0
DA:63,0
DA:64,0
DA:69,0
DA:70,0
DA:73,0
DA:74,0
DA:91,0
DA:92,0
DA:93,0
DA:94,0
DA:95,0
DA:96,0
DA:97,0
DA:99,0
DA:100,0
DA:101,0
DA:105,0
DA:108,0
DA:109,0
DA:110,0
DA:116,0
DA:117,0
DA:118,0
DA:122,0
DA:124,0
DA:125,0
DA:127,0
DA:130,0
DA:131,0
DA:135,0
DA:137,0
DA:138,0
DA:142,0
DA:144,0
DA:145,0
DA:146,0
DA:147,0
DA:151,0
DA:152,0
DA:157,0
DA:159,0
DA:160,0
DA:163,0
DA:165,0
DA:166,0
DA:167,0
DA:168,0
DA:169,0
DA:170,0
DA:171,0
DA:176,0
DA:177,0
DA:180,0
DA:181,0
DA:185,0
DA:186,0
DA:187,0
DA:189,0
DA:191,0
DA:196,0
DA:198,0
DA:199,0
DA:201,0
DA:202,0
DA:204,0
DA:206,0
DA:208,0
DA:209,0
LF:78
LH:0
end_of_record
SF:lib/src/widgets/cool_swiper_card_wrapper.dart
DA:19,1
DA:26,1
DA:28,1
DA:29,1
DA:37,1
DA:39,1
DA:42,5
DA:44,3
DA:45,2
DA:46,2
DA:49,3
DA:51,2
DA:53,1
DA:54,1
DA:55,1
DA:56,1
DA:62,1
DA:64,1
DA:65,1
DA:66,2
DA:67,4
DA:68,3
DA:69,2
DA:72,2
LF:24
LH:24
end_of_record
SF:lib/src/swipe_direction.dart
DA:1,2
DA:5,2
DA:7,2
DA:9,2
DA:14,1
DA:16,1
DA:18,1
LF:7
LH:7
end_of_record
